Arguments: 
  /Users/saillinux/.nvm/versions/node/v18.16.0/bin/node /opt/homebrew/Cellar/yarn/1.22.19/libexec/bin/yarn.js

PATH: 
  /Users/saillinux/.nvm/versions/node/v18.16.0/bin:/Users/saillinux/.nvm/versions/node/v16.13.2/bin:/Users/saillinux/.nvm/versions/node/v18.16.0/bin:/Users/saillinux/.nvm/versions/node/v12.18.4/bin:/Users/saillinux/.nvm/versions/node/v18.16.0/bin:/Users/saillinux/.rbenv/shims:/Users/saillinux/Downloads/google-cloud-sdk/bin:/Users/saillinux/Library/Application Support/cloud-code/installer/google-cloud-sdk/bin:/opt/homebrew/bin:/opt/homebrew/sbin:/usr/local/bin:/System/Cryptexes/App/usr/bin:/usr/bin:/bin:/usr/sbin:/sbin:/usr/local/go/bin:/Library/Apple/usr/bin:/Users/saillinux/Library/Application Support/cloud-code/installer/google-cloud-sdk/bin:/Users/saillinux/.nvm/versions/node/v18.16.0/bin:/Users/saillinux/.rbenv/shims:/Users/saillinux/Downloads/google-cloud-sdk/bin:/opt/homebrew/bin:/opt/homebrew/sbin:/Users/saillinux/.cargo/bin:/Users/saillinux/Library/Application Support/JetBrains/Toolbox/scripts:/Users/saillinux/.config/emacs/bin/:/Users/saillinux/go/bin:/Users/saillinux/Library/Application Support/JetBrains/Toolbox/scripts:/Users/saillinux/.config/emacs/bin/:/Users/saillinux/go/bin

Yarn version: 
  1.22.19

Node version: 
  18.16.0

Platform: 
  darwin arm64

Trace: 
  SyntaxError: /Users/saillinux/Projects/argocd-extension-demo/ui/package.json: Unexpected token ` in JSON at position 1043
      at JSON.parse (<anonymous>)
      at /opt/homebrew/Cellar/yarn/1.22.19/libexec/lib/cli.js:1629:59
      at Generator.next (<anonymous>)
      at step (/opt/homebrew/Cellar/yarn/1.22.19/libexec/lib/cli.js:310:30)
      at /opt/homebrew/Cellar/yarn/1.22.19/libexec/lib/cli.js:321:13

npm manifest: 
  {
    "name": "extension-demo",
    "version": "1.0.0",
    "main": "index.js",
    "license": "MIT",
    "peerDeependencies": {
      "react": "^16.9.0"
    },
    "scripts": {    
      "build": "rm -rf dist && NODE_OPTIONS=--openssl-legacy-provider webpack --config ./webpack.config.js && tar -C dist -cvf dist/extension.tar resources"
    },
    "devDependencies": {
      "@testing-library/jest-dom": "^5.11.4",
      "@testing-library/react": "^11.1.0",
      "@testing-library/user-event": "^12.1.10",
      "@types/classnames": "2.2.9",
      "@types/jest": "^26.0.15",
      "@types/node": "^12.0.0",
      "@types/react": "^16.9.3",
      "@types/react-dom": "^16.9.3",
      "@types/react-helmet": "^6.1.0",
      "@types/react-router-dom": "^5.1.7",
      "copy-webpack-plugin": "^6.3.2",
      "mini-css-extract-plugin": "^1.3.9",
      "raw-loader": "^4.0.2",
      "react-scripts": "4.0.3",
      "sass": "^1.32.8",
      "ts-loader": "^8.0.17",
      "webpack-bundle-analyzer": "^4.4.0",
      "webpack-cli": "^4.5.0",
      "webpack-dev-server": "^3.11.2",
      "webpack-merge": "^5.7.3"`
    },
    "dependencies": {
      "argo-ui": "git+https://github.com/argoproj/argo-ui.git",
      "classnames": "2.2.6",
      "isomorphic-fetch": "^3.0.0",
      "moment": "^2.29.4",
      "moment-timezone": "^0.5.33",
      "portable-fetch": "^3.0.0",
      "react": "^17.0.1",
      "react-dom": "^17.0.1",
      "react-helmet": "^6.1.0",
      "react-hot-loader": "^3.1.3",
      "react-keyhooks": "^0.2.3",
      "react-router-dom": "5.2.0",
      "rxjs": "^6.6.6",
      "typescript": "4.3.5",
      "web-vitals": "^1.0.1"
    }
  }

yarn manifest: 
  No manifest

Lockfile: 
  No lockfile
